{"contracts/CloneFactory01.sol":{"l":{"29":0,"30":0,"40":0,"41":0},"path":"/Users/alexho/Documents/GitHub/lending-borrowing-smart-contracts/contracts/CloneFactory01.sol","s":{"1":0,"2":0},"b":{},"f":{"1":0,"2":0},"fnMap":{"1":{"name":"createClone","line":28,"loc":{"start":{"line":28,"column":2},"end":{"line":37,"column":2}}},"2":{"name":"isClone","line":39,"loc":{"start":{"line":39,"column":2},"end":{"line":54,"column":2}}}},"statementMap":{"1":{"start":{"line":29,"column":4},"end":{"line":29,"column":41}},"2":{"start":{"line":40,"column":4},"end":{"line":40,"column":41}}},"branchMap":{}},"contracts/ERC721_no_need_to_test.sol":{"l":{"66":0,"70":0,"71":0,"76":0,"80":0,"81":0,"82":0,"83":0,"84":0,"86":0,"87":0,"88":0,"93":17,"97":0,"101":0,"105":0,"109":0,"113":0,"114":0,"115":0,"116":0,"121":2,"125":2,"126":2,"127":2,"128":2,"129":2,"131":2,"132":10,"137":0,"138":0},"path":"/Users/alexho/Documents/GitHub/lending-borrowing-smart-contracts/contracts/ERC721_no_need_to_test.sol","s":{"1":0,"2":0,"3":0,"4":0,"5":0,"6":0,"7":0,"8":0,"9":0,"10":0,"11":0,"12":0,"13":17,"14":0,"15":0,"16":0,"17":0,"18":0,"19":0,"20":0,"21":0,"22":2,"23":2,"24":2,"25":2,"26":2,"27":2,"28":2,"29":10,"30":0,"31":0},"b":{"1":[0,0],"2":[0,0],"3":[0,0],"4":[0,0],"5":[2,0],"6":[2,0],"7":[2,0],"8":[2,0]},"f":{"1":4,"2":0,"3":0,"4":0,"5":0,"6":17,"7":0,"8":0,"9":0,"10":0,"11":0,"12":2,"13":2,"14":0},"fnMap":{"1":{"name":"constructor","line":62,"loc":{"start":{"line":62,"column":4},"end":{"line":63,"column":4}}},"2":{"name":"setIsAllowListActive","line":65,"loc":{"start":{"line":65,"column":4},"end":{"line":67,"column":4}}},"3":{"name":"setAllowList","line":69,"loc":{"start":{"line":69,"column":4},"end":{"line":73,"column":4}}},"4":{"name":"numAvailableToMint","line":75,"loc":{"start":{"line":75,"column":4},"end":{"line":77,"column":4}}},"5":{"name":"mintAllowList","line":79,"loc":{"start":{"line":79,"column":4},"end":{"line":90,"column":4}}},"6":{"name":"_beforeTokenTransfer","line":92,"loc":{"start":{"line":92,"column":4},"end":{"line":94,"column":4}}},"7":{"name":"supportsInterface","line":96,"loc":{"start":{"line":96,"column":4},"end":{"line":98,"column":4}}},"8":{"name":"setBaseURI","line":100,"loc":{"start":{"line":100,"column":4},"end":{"line":102,"column":4}}},"9":{"name":"_baseURI","line":104,"loc":{"start":{"line":104,"column":4},"end":{"line":106,"column":4}}},"10":{"name":"setProvenance","line":108,"loc":{"start":{"line":108,"column":4},"end":{"line":110,"column":4}}},"11":{"name":"reserve","line":112,"loc":{"start":{"line":112,"column":4},"end":{"line":118,"column":4}}},"12":{"name":"setSaleState","line":120,"loc":{"start":{"line":120,"column":4},"end":{"line":122,"column":4}}},"13":{"name":"mint","line":124,"loc":{"start":{"line":124,"column":4},"end":{"line":134,"column":4}}},"14":{"name":"withdraw","line":136,"loc":{"start":{"line":136,"column":4},"end":{"line":139,"column":4}}}},"statementMap":{"1":{"start":{"line":66,"column":8},"end":{"line":66,"column":45}},"2":{"start":{"line":70,"column":8},"end":{"line":70,"column":5886}},"3":{"start":{"line":71,"column":12},"end":{"line":71,"column":54}},"4":{"start":{"line":76,"column":8},"end":{"line":76,"column":31}},"5":{"start":{"line":80,"column":8},"end":{"line":80,"column":34}},"6":{"start":{"line":81,"column":8},"end":{"line":81,"column":61}},"7":{"start":{"line":82,"column":8},"end":{"line":82,"column":94}},"8":{"start":{"line":83,"column":8},"end":{"line":83,"column":85}},"9":{"start":{"line":84,"column":8},"end":{"line":84,"column":96}},"10":{"start":{"line":86,"column":8},"end":{"line":86,"column":47}},"11":{"start":{"line":87,"column":8},"end":{"line":87,"column":6655}},"12":{"start":{"line":88,"column":12},"end":{"line":88,"column":40}},"13":{"start":{"line":93,"column":8},"end":{"line":93,"column":52}},"14":{"start":{"line":97,"column":8},"end":{"line":97,"column":51}},"15":{"start":{"line":101,"column":8},"end":{"line":101,"column":34}},"16":{"start":{"line":105,"column":8},"end":{"line":105,"column":31}},"17":{"start":{"line":109,"column":8},"end":{"line":109,"column":30}},"18":{"start":{"line":113,"column":6},"end":{"line":113,"column":33}},"19":{"start":{"line":114,"column":6},"end":{"line":114,"column":12}},"20":{"start":{"line":115,"column":6},"end":{"line":115,"column":7610}},"21":{"start":{"line":116,"column":10},"end":{"line":116,"column":42}},"22":{"start":{"line":121,"column":8},"end":{"line":121,"column":30}},"23":{"start":{"line":125,"column":8},"end":{"line":125,"column":34}},"24":{"start":{"line":126,"column":8},"end":{"line":126,"column":66}},"25":{"start":{"line":127,"column":8},"end":{"line":127,"column":80}},"26":{"start":{"line":128,"column":8},"end":{"line":128,"column":85}},"27":{"start":{"line":129,"column":8},"end":{"line":129,"column":96}},"28":{"start":{"line":131,"column":8},"end":{"line":131,"column":8254}},"29":{"start":{"line":132,"column":12},"end":{"line":132,"column":40}},"30":{"start":{"line":137,"column":8},"end":{"line":137,"column":44}},"31":{"start":{"line":138,"column":8},"end":{"line":138,"column":44}}},"branchMap":{"1":{"line":81,"type":"if","locations":[{"start":{"line":81,"column":8},"end":{"line":81,"column":8}},{"start":{"line":81,"column":8},"end":{"line":81,"column":8}}]},"2":{"line":82,"type":"if","locations":[{"start":{"line":82,"column":8},"end":{"line":82,"column":8}},{"start":{"line":82,"column":8},"end":{"line":82,"column":8}}]},"3":{"line":83,"type":"if","locations":[{"start":{"line":83,"column":8},"end":{"line":83,"column":8}},{"start":{"line":83,"column":8},"end":{"line":83,"column":8}}]},"4":{"line":84,"type":"if","locations":[{"start":{"line":84,"column":8},"end":{"line":84,"column":8}},{"start":{"line":84,"column":8},"end":{"line":84,"column":8}}]},"5":{"line":126,"type":"if","locations":[{"start":{"line":126,"column":8},"end":{"line":126,"column":8}},{"start":{"line":126,"column":8},"end":{"line":126,"column":8}}]},"6":{"line":127,"type":"if","locations":[{"start":{"line":127,"column":8},"end":{"line":127,"column":8}},{"start":{"line":127,"column":8},"end":{"line":127,"column":8}}]},"7":{"line":128,"type":"if","locations":[{"start":{"line":128,"column":8},"end":{"line":128,"column":8}},{"start":{"line":128,"column":8},"end":{"line":128,"column":8}}]},"8":{"line":129,"type":"if","locations":[{"start":{"line":129,"column":8},"end":{"line":129,"column":8}},{"start":{"line":129,"column":8},"end":{"line":129,"column":8}}]}}},"contracts/ERC721LendingPoolERC20_01.sol":{"l":{"22":0,"51":0,"52":0,"59":0,"63":0,"70":0,"74":0,"78":0,"125":0,"130":0,"131":0,"135":0,"147":0,"148":0,"150":0,"165":0,"176":0,"177":0,"179":0,"180":0,"184":0,"185":0,"189":0,"190":0,"195":0,"196":0,"207":0,"223":0,"224":0,"235":0,"236":0,"238":0,"239":0,"243":0,"244":0,"248":0,"249":0,"255":0,"266":0,"272":0,"281":0,"282":0,"290":0,"292":0,"293":0,"300":0,"301":0,"306":0,"307":0,"310":0,"314":0,"319":0,"321":0,"322":0,"324":0,"327":0,"330":0,"332":0,"343":0,"344":0,"345":0,"346":0,"348":0,"349":0,"350":0,"351":0,"356":0,"357":0,"360":0,"361":0,"365":0,"370":0,"372":0,"373":0,"375":0,"378":0,"381":0,"383":0,"397":0,"398":0,"399":0,"400":0,"401":0,"402":0,"410":0,"415":0,"433":0,"437":0,"444":0,"448":0,"455":0,"459":0,"470":0},"path":"/Users/alexho/Documents/GitHub/lending-borrowing-smart-contracts/contracts/ERC721LendingPoolERC20_01.sol","s":{"1":0,"2":0,"3":0,"4":0,"5":0,"6":0,"7":0,"8":0,"9":0,"10":0,"11":0,"12":0,"13":0,"14":0,"15":0,"16":0,"17":0,"18":0,"19":0,"20":0,"21":0,"22":0,"23":0,"24":0,"25":0,"26":0,"27":0,"28":0,"29":0,"30":0,"31":0,"32":0,"33":0,"34":0,"35":0,"36":0,"37":0,"38":0,"39":0,"40":0,"41":0,"42":0,"43":0,"44":0,"45":0,"46":0,"47":0,"48":0,"49":0,"50":0,"51":0,"52":0,"53":0,"54":0,"55":0,"56":0,"57":0,"58":0,"59":0,"60":0,"61":0,"62":0,"63":0,"64":0,"65":0,"66":0,"67":0,"68":0,"69":0,"70":0,"71":0,"72":0,"73":0,"74":0,"75":0,"76":0,"77":0,"78":0,"79":0,"80":0,"81":0,"82":0,"83":0,"84":0,"85":0,"86":0,"87":0,"88":0,"89":0,"90":0,"91":0,"92":0,"93":0,"94":0},"b":{"1":[0,0],"2":[0,0],"3":[0,0],"4":[0,0],"5":[0,0],"6":[0,0],"7":[0,0],"8":[0,0],"9":[0,0],"10":[0,0],"11":[0,0],"12":[0,0],"13":[0,0],"14":[0,0],"15":[0,0],"16":[0,0],"17":[0,0],"18":[0,0],"19":[0,0],"20":[0,0],"21":[0,0],"22":[0,0],"23":[0,0],"24":[0,0],"25":[0,0],"26":[0,0],"27":[0,0],"28":[0,0],"29":[0,0],"30":[0,0],"31":[0,0]},"f":{"1":0,"2":0,"3":0,"4":0,"5":0,"6":0,"7":0,"8":0,"9":0,"10":0,"11":0,"12":0,"13":0,"14":0,"15":0,"16":0,"17":0,"18":0,"19":0},"fnMap":{"1":{"name":"onERC721Received","line":16,"loc":{"start":{"line":16,"column":4},"end":{"line":26,"column":4}}},"2":{"name":"initialize","line":50,"loc":{"start":{"line":50,"column":4},"end":{"line":53,"column":4}}},"3":{"name":"setDurationParam","line":57,"loc":{"start":{"line":55,"column":4},"end":{"line":60,"column":4}}},"4":{"name":"setValuationSigner","line":62,"loc":{"start":{"line":62,"column":4},"end":{"line":64,"column":4}}},"5":{"name":"setSupportedCollection","line":68,"loc":{"start":{"line":66,"column":4},"end":{"line":71,"column":4}}},"6":{"name":"setSupportedCurrency","line":73,"loc":{"start":{"line":73,"column":4},"end":{"line":75,"column":4}}},"7":{"name":"setWETHaddress","line":77,"loc":{"start":{"line":77,"column":4},"end":{"line":79,"column":4}}},"8":{"name":"nftHasLoan","line":124,"loc":{"start":{"line":124,"column":4},"end":{"line":126,"column":4}}},"9":{"name":"outstanding","line":128,"loc":{"start":{"line":128,"column":4},"end":{"line":140,"column":4}}},"10":{"name":"isUnHealthyLoan","line":142,"loc":{"start":{"line":142,"column":4},"end":{"line":151,"column":4}}},"11":{"name":"borrow","line":164,"loc":{"start":{"line":157,"column":4},"end":{"line":213,"column":4}}},"12":{"name":"borrowETH","line":222,"loc":{"start":{"line":215,"column":4},"end":{"line":273,"column":4}}},"13":{"name":"repay","line":280,"loc":{"start":{"line":280,"column":4},"end":{"line":339,"column":4}}},"14":{"name":"repayETH","line":342,"loc":{"start":{"line":342,"column":4},"end":{"line":390,"column":4}}},"15":{"name":"liquidateLoan","line":396,"loc":{"start":{"line":396,"column":4},"end":{"line":422,"column":4}}},"16":{"name":"withdraw","line":432,"loc":{"start":{"line":432,"column":4},"end":{"line":434,"column":4}}},"17":{"name":"withdrawERC20","line":436,"loc":{"start":{"line":436,"column":4},"end":{"line":438,"column":4}}},"18":{"name":"withdrawERC721","line":442,"loc":{"start":{"line":440,"column":4},"end":{"line":449,"column":4}}},"19":{"name":"emergencyWithdrawLoanCollateral","line":453,"loc":{"start":{"line":451,"column":4},"end":{"line":471,"column":4}}}},"statementMap":{"1":{"start":{"line":22,"column":8},"end":{"line":22,"column":799}},"2":{"start":{"line":51,"column":8},"end":{"line":51,"column":23}},"3":{"start":{"line":52,"column":8},"end":{"line":52,"column":24}},"4":{"start":{"line":59,"column":8},"end":{"line":59,"column":46}},"5":{"start":{"line":63,"column":8},"end":{"line":63,"column":41}},"6":{"start":{"line":70,"column":8},"end":{"line":70,"column":49}},"7":{"start":{"line":74,"column":8},"end":{"line":74,"column":45}},"8":{"start":{"line":78,"column":8},"end":{"line":78,"column":19}},"9":{"start":{"line":125,"column":8},"end":{"line":125,"column":68}},"10":{"start":{"line":130,"column":8},"end":{"line":130,"column":76}},"11":{"start":{"line":130,"column":68},"end":{"line":130,"column":76}},"12":{"start":{"line":131,"column":8},"end":{"line":131,"column":3599}},"13":{"start":{"line":135,"column":8},"end":{"line":135,"column":3809}},"14":{"start":{"line":147,"column":8},"end":{"line":147,"column":66}},"15":{"start":{"line":148,"column":8},"end":{"line":148,"column":4228}},"16":{"start":{"line":150,"column":8},"end":{"line":150,"column":29}},"17":{"start":{"line":165,"column":8},"end":{"line":165,"column":4636}},"18":{"start":{"line":176,"column":8},"end":{"line":176,"column":59}},"19":{"start":{"line":177,"column":8},"end":{"line":177,"column":5034}},"20":{"start":{"line":179,"column":8},"end":{"line":179,"column":55}},"21":{"start":{"line":180,"column":8},"end":{"line":180,"column":5175}},"22":{"start":{"line":184,"column":8},"end":{"line":184,"column":65}},"23":{"start":{"line":185,"column":8},"end":{"line":185,"column":5371}},"24":{"start":{"line":189,"column":8},"end":{"line":189,"column":74}},"25":{"start":{"line":190,"column":8},"end":{"line":190,"column":5590}},"26":{"start":{"line":195,"column":8},"end":{"line":195,"column":70}},"27":{"start":{"line":196,"column":8},"end":{"line":196,"column":5805}},"28":{"start":{"line":207,"column":8},"end":{"line":207,"column":6135}},"29":{"start":{"line":223,"column":8},"end":{"line":223,"column":69}},"30":{"start":{"line":224,"column":8},"end":{"line":224,"column":6601}},"31":{"start":{"line":235,"column":8},"end":{"line":235,"column":59}},"32":{"start":{"line":236,"column":8},"end":{"line":236,"column":6999}},"33":{"start":{"line":238,"column":8},"end":{"line":238,"column":55}},"34":{"start":{"line":239,"column":8},"end":{"line":239,"column":7140}},"35":{"start":{"line":243,"column":8},"end":{"line":243,"column":65}},"36":{"start":{"line":244,"column":8},"end":{"line":244,"column":7336}},"37":{"start":{"line":248,"column":8},"end":{"line":248,"column":71}},"38":{"start":{"line":249,"column":8},"end":{"line":249,"column":7549}},"39":{"start":{"line":255,"column":8},"end":{"line":255,"column":7692}},"40":{"start":{"line":266,"column":8},"end":{"line":266,"column":8019}},"41":{"start":{"line":272,"column":8},"end":{"line":272,"column":48}},"42":{"start":{"line":281,"column":8},"end":{"line":281,"column":66}},"43":{"start":{"line":282,"column":8},"end":{"line":282,"column":8517}},"44":{"start":{"line":290,"column":8},"end":{"line":290,"column":53}},"45":{"start":{"line":292,"column":8},"end":{"line":292,"column":8895}},"46":{"start":{"line":293,"column":12},"end":{"line":293,"column":8953}},"47":{"start":{"line":300,"column":12},"end":{"line":300,"column":43}},"48":{"start":{"line":301,"column":12},"end":{"line":301,"column":9254}},"49":{"start":{"line":306,"column":12},"end":{"line":306,"column":64}},"50":{"start":{"line":307,"column":12},"end":{"line":307,"column":9523}},"51":{"start":{"line":310,"column":12},"end":{"line":310,"column":77}},"52":{"start":{"line":314,"column":12},"end":{"line":314,"column":9849}},"53":{"start":{"line":319,"column":12},"end":{"line":319,"column":10157}},"54":{"start":{"line":321,"column":12},"end":{"line":321,"column":10250}},"55":{"start":{"line":322,"column":16},"end":{"line":322,"column":10334}},"56":{"start":{"line":324,"column":16},"end":{"line":324,"column":10442}},"57":{"start":{"line":327,"column":16},"end":{"line":327,"column":61}},"58":{"start":{"line":330,"column":12},"end":{"line":330,"column":54}},"59":{"start":{"line":332,"column":8},"end":{"line":332,"column":10724}},"60":{"start":{"line":343,"column":8},"end":{"line":343,"column":66}},"61":{"start":{"line":344,"column":8},"end":{"line":344,"column":69}},"62":{"start":{"line":345,"column":8},"end":{"line":345,"column":39}},"63":{"start":{"line":346,"column":8},"end":{"line":346,"column":53}},"64":{"start":{"line":348,"column":8},"end":{"line":348,"column":11429}},"65":{"start":{"line":349,"column":12},"end":{"line":349,"column":70}},"66":{"start":{"line":350,"column":12},"end":{"line":350,"column":43}},"67":{"start":{"line":351,"column":12},"end":{"line":351,"column":11607}},"68":{"start":{"line":356,"column":12},"end":{"line":356,"column":64}},"69":{"start":{"line":357,"column":12},"end":{"line":357,"column":11876}},"70":{"start":{"line":360,"column":12},"end":{"line":360,"column":77}},"71":{"start":{"line":361,"column":12},"end":{"line":361,"column":56}},"72":{"start":{"line":365,"column":12},"end":{"line":365,"column":12262}},"73":{"start":{"line":370,"column":12},"end":{"line":370,"column":12570}},"74":{"start":{"line":372,"column":12},"end":{"line":372,"column":12663}},"75":{"start":{"line":373,"column":16},"end":{"line":373,"column":12747}},"76":{"start":{"line":375,"column":16},"end":{"line":375,"column":12855}},"77":{"start":{"line":378,"column":16},"end":{"line":378,"column":61}},"78":{"start":{"line":381,"column":12},"end":{"line":381,"column":54}},"79":{"start":{"line":383,"column":8},"end":{"line":383,"column":13137}},"80":{"start":{"line":397,"column":8},"end":{"line":397,"column":66}},"81":{"start":{"line":398,"column":8},"end":{"line":398,"column":65}},"82":{"start":{"line":399,"column":8},"end":{"line":399,"column":54}},"83":{"start":{"line":400,"column":8},"end":{"line":400,"column":53}},"84":{"start":{"line":401,"column":8},"end":{"line":401,"column":60}},"85":{"start":{"line":402,"column":8},"end":{"line":402,"column":13754}},"86":{"start":{"line":410,"column":8},"end":{"line":410,"column":13956}},"87":{"start":{"line":415,"column":8},"end":{"line":415,"column":14095}},"88":{"start":{"line":433,"column":8},"end":{"line":433,"column":40}},"89":{"start":{"line":437,"column":8},"end":{"line":437,"column":49}},"90":{"start":{"line":444,"column":8},"end":{"line":444,"column":14777}},"91":{"start":{"line":448,"column":8},"end":{"line":448,"column":74}},"92":{"start":{"line":455,"column":8},"end":{"line":455,"column":15141}},"93":{"start":{"line":459,"column":8},"end":{"line":459,"column":15298}},"94":{"start":{"line":470,"column":8},"end":{"line":470,"column":74}}},"branchMap":{"1":{"line":130,"type":"if","locations":[{"start":{"line":130,"column":8},"end":{"line":130,"column":8}},{"start":{"line":130,"column":8},"end":{"line":130,"column":8}}]},"2":{"line":147,"type":"if","locations":[{"start":{"line":147,"column":8},"end":{"line":147,"column":8}},{"start":{"line":147,"column":8},"end":{"line":147,"column":8}}]},"3":{"line":165,"type":"if","locations":[{"start":{"line":165,"column":8},"end":{"line":165,"column":8}},{"start":{"line":165,"column":8},"end":{"line":165,"column":8}}]},"4":{"line":176,"type":"if","locations":[{"start":{"line":176,"column":8},"end":{"line":176,"column":8}},{"start":{"line":176,"column":8},"end":{"line":176,"column":8}}]},"5":{"line":179,"type":"if","locations":[{"start":{"line":179,"column":8},"end":{"line":179,"column":8}},{"start":{"line":179,"column":8},"end":{"line":179,"column":8}}]},"6":{"line":180,"type":"if","locations":[{"start":{"line":180,"column":8},"end":{"line":180,"column":8}},{"start":{"line":180,"column":8},"end":{"line":180,"column":8}}]},"7":{"line":184,"type":"if","locations":[{"start":{"line":184,"column":8},"end":{"line":184,"column":8}},{"start":{"line":184,"column":8},"end":{"line":184,"column":8}}]},"8":{"line":185,"type":"if","locations":[{"start":{"line":185,"column":8},"end":{"line":185,"column":8}},{"start":{"line":185,"column":8},"end":{"line":185,"column":8}}]},"9":{"line":189,"type":"if","locations":[{"start":{"line":189,"column":8},"end":{"line":189,"column":8}},{"start":{"line":189,"column":8},"end":{"line":189,"column":8}}]},"10":{"line":223,"type":"if","locations":[{"start":{"line":223,"column":8},"end":{"line":223,"column":8}},{"start":{"line":223,"column":8},"end":{"line":223,"column":8}}]},"11":{"line":224,"type":"if","locations":[{"start":{"line":224,"column":8},"end":{"line":224,"column":8}},{"start":{"line":224,"column":8},"end":{"line":224,"column":8}}]},"12":{"line":235,"type":"if","locations":[{"start":{"line":235,"column":8},"end":{"line":235,"column":8}},{"start":{"line":235,"column":8},"end":{"line":235,"column":8}}]},"13":{"line":238,"type":"if","locations":[{"start":{"line":238,"column":8},"end":{"line":238,"column":8}},{"start":{"line":238,"column":8},"end":{"line":238,"column":8}}]},"14":{"line":239,"type":"if","locations":[{"start":{"line":239,"column":8},"end":{"line":239,"column":8}},{"start":{"line":239,"column":8},"end":{"line":239,"column":8}}]},"15":{"line":243,"type":"if","locations":[{"start":{"line":243,"column":8},"end":{"line":243,"column":8}},{"start":{"line":243,"column":8},"end":{"line":243,"column":8}}]},"16":{"line":244,"type":"if","locations":[{"start":{"line":244,"column":8},"end":{"line":244,"column":8}},{"start":{"line":244,"column":8},"end":{"line":244,"column":8}}]},"17":{"line":248,"type":"if","locations":[{"start":{"line":248,"column":8},"end":{"line":248,"column":8}},{"start":{"line":248,"column":8},"end":{"line":248,"column":8}}]},"18":{"line":281,"type":"if","locations":[{"start":{"line":281,"column":8},"end":{"line":281,"column":8}},{"start":{"line":281,"column":8},"end":{"line":281,"column":8}}]},"19":{"line":282,"type":"if","locations":[{"start":{"line":282,"column":8},"end":{"line":282,"column":8}},{"start":{"line":282,"column":8},"end":{"line":282,"column":8}}]},"20":{"line":292,"type":"if","locations":[{"start":{"line":292,"column":8},"end":{"line":292,"column":8}},{"start":{"line":292,"column":8},"end":{"line":292,"column":8}}]},"21":{"line":293,"type":"if","locations":[{"start":{"line":293,"column":12},"end":{"line":293,"column":12}},{"start":{"line":293,"column":12},"end":{"line":293,"column":12}}]},"22":{"line":321,"type":"if","locations":[{"start":{"line":321,"column":12},"end":{"line":321,"column":12}},{"start":{"line":321,"column":12},"end":{"line":321,"column":12}}]},"23":{"line":343,"type":"if","locations":[{"start":{"line":343,"column":8},"end":{"line":343,"column":8}},{"start":{"line":343,"column":8},"end":{"line":343,"column":8}}]},"24":{"line":344,"type":"if","locations":[{"start":{"line":344,"column":8},"end":{"line":344,"column":8}},{"start":{"line":344,"column":8},"end":{"line":344,"column":8}}]},"25":{"line":348,"type":"if","locations":[{"start":{"line":348,"column":8},"end":{"line":348,"column":8}},{"start":{"line":348,"column":8},"end":{"line":348,"column":8}}]},"26":{"line":372,"type":"if","locations":[{"start":{"line":372,"column":12},"end":{"line":372,"column":12}},{"start":{"line":372,"column":12},"end":{"line":372,"column":12}}]},"27":{"line":397,"type":"if","locations":[{"start":{"line":397,"column":8},"end":{"line":397,"column":8}},{"start":{"line":397,"column":8},"end":{"line":397,"column":8}}]},"28":{"line":399,"type":"if","locations":[{"start":{"line":399,"column":8},"end":{"line":399,"column":8}},{"start":{"line":399,"column":8},"end":{"line":399,"column":8}}]},"29":{"line":444,"type":"if","locations":[{"start":{"line":444,"column":8},"end":{"line":444,"column":8}},{"start":{"line":444,"column":8},"end":{"line":444,"column":8}}]},"30":{"line":455,"type":"if","locations":[{"start":{"line":455,"column":8},"end":{"line":455,"column":8}},{"start":{"line":455,"column":8},"end":{"line":455,"column":8}}]},"31":{"line":459,"type":"if","locations":[{"start":{"line":459,"column":8},"end":{"line":459,"column":8}},{"start":{"line":459,"column":8},"end":{"line":459,"column":8}}]}}},"contracts/ERC721LendingPoolETH01.sol":{"l":{"22":4,"48":2,"49":2,"56":2,"60":2,"67":2,"114":18,"119":9,"120":9,"124":9,"136":3,"137":3,"139":3,"154":6,"165":6,"166":6,"168":6,"169":4,"173":4,"174":4,"178":2,"179":2,"185":2,"196":2,"202":2,"211":3,"212":3,"213":3,"215":3,"216":1,"217":1,"218":1,"226":1,"228":1,"232":2,"237":2,"239":2,"240":1,"242":1,"245":1,"248":2,"250":3,"264":3,"265":3,"266":3,"267":1,"268":1,"269":1,"277":1,"282":1,"300":1,"304":0,"311":3,"315":1,"325":0,"329":0,"340":0},"path":"/Users/alexho/Documents/GitHub/lending-borrowing-smart-contracts/contracts/ERC721LendingPoolETH01.sol","s":{"1":4,"2":2,"3":2,"4":2,"5":2,"6":2,"7":18,"8":9,"9":0,"10":9,"11":9,"12":3,"13":3,"14":3,"15":6,"16":6,"17":6,"18":6,"19":4,"20":4,"21":4,"22":2,"23":2,"24":2,"25":2,"26":2,"27":3,"28":3,"29":3,"30":3,"31":1,"32":1,"33":1,"34":1,"35":1,"36":2,"37":2,"38":2,"39":1,"40":1,"41":1,"42":2,"43":3,"44":3,"45":3,"46":3,"47":1,"48":1,"49":1,"50":1,"51":1,"52":1,"53":0,"54":3,"55":1,"56":0,"57":0,"58":0},"b":{"1":[0,9],"2":[3,0],"3":[6,0],"4":[6,0],"5":[4,2],"6":[4,0],"7":[4,0],"8":[2,2],"9":[2,0],"10":[3,0],"11":[1,2],"12":[1,1],"13":[3,0],"14":[1,2],"15":[1,2],"16":[0,0],"17":[0,0]},"f":{"1":4,"2":2,"3":2,"4":2,"5":2,"6":18,"7":9,"8":3,"9":6,"10":3,"11":3,"12":1,"13":0,"14":3,"15":0},"fnMap":{"1":{"name":"onERC721Received","line":16,"loc":{"start":{"line":16,"column":4},"end":{"line":26,"column":4}}},"2":{"name":"initialize","line":47,"loc":{"start":{"line":47,"column":4},"end":{"line":50,"column":4}}},"3":{"name":"setDurationParam","line":54,"loc":{"start":{"line":52,"column":4},"end":{"line":57,"column":4}}},"4":{"name":"setValuationSigner","line":59,"loc":{"start":{"line":59,"column":4},"end":{"line":61,"column":4}}},"5":{"name":"setSupportedCollection","line":65,"loc":{"start":{"line":63,"column":4},"end":{"line":68,"column":4}}},"6":{"name":"nftHasLoan","line":113,"loc":{"start":{"line":113,"column":4},"end":{"line":115,"column":4}}},"7":{"name":"outstanding","line":117,"loc":{"start":{"line":117,"column":4},"end":{"line":129,"column":4}}},"8":{"name":"isUnHealthyLoan","line":131,"loc":{"start":{"line":131,"column":4},"end":{"line":140,"column":4}}},"9":{"name":"borrowETH","line":153,"loc":{"start":{"line":146,"column":4},"end":{"line":203,"column":4}}},"10":{"name":"repayETH","line":210,"loc":{"start":{"line":210,"column":4},"end":{"line":257,"column":4}}},"11":{"name":"liquidateLoan","line":263,"loc":{"start":{"line":263,"column":4},"end":{"line":289,"column":4}}},"12":{"name":"withdraw","line":299,"loc":{"start":{"line":299,"column":4},"end":{"line":301,"column":4}}},"13":{"name":"withdrawERC20","line":303,"loc":{"start":{"line":303,"column":4},"end":{"line":305,"column":4}}},"14":{"name":"withdrawERC721","line":309,"loc":{"start":{"line":307,"column":4},"end":{"line":316,"column":4}}},"15":{"name":"emergencyWithdrawLoanCollateral","line":323,"loc":{"start":{"line":321,"column":4},"end":{"line":341,"column":4}}}},"statementMap":{"1":{"start":{"line":22,"column":8},"end":{"line":22,"column":796}},"2":{"start":{"line":48,"column":8},"end":{"line":48,"column":23}},"3":{"start":{"line":49,"column":8},"end":{"line":49,"column":24}},"4":{"start":{"line":56,"column":8},"end":{"line":56,"column":46}},"5":{"start":{"line":60,"column":8},"end":{"line":60,"column":41}},"6":{"start":{"line":67,"column":8},"end":{"line":67,"column":49}},"7":{"start":{"line":114,"column":8},"end":{"line":114,"column":68}},"8":{"start":{"line":119,"column":8},"end":{"line":119,"column":76}},"9":{"start":{"line":119,"column":68},"end":{"line":119,"column":76}},"10":{"start":{"line":120,"column":8},"end":{"line":120,"column":3294}},"11":{"start":{"line":124,"column":8},"end":{"line":124,"column":3504}},"12":{"start":{"line":136,"column":8},"end":{"line":136,"column":66}},"13":{"start":{"line":137,"column":8},"end":{"line":137,"column":3923}},"14":{"start":{"line":139,"column":8},"end":{"line":139,"column":29}},"15":{"start":{"line":154,"column":8},"end":{"line":154,"column":4331}},"16":{"start":{"line":165,"column":8},"end":{"line":165,"column":59}},"17":{"start":{"line":166,"column":8},"end":{"line":166,"column":4729}},"18":{"start":{"line":168,"column":8},"end":{"line":168,"column":55}},"19":{"start":{"line":169,"column":8},"end":{"line":169,"column":4870}},"20":{"start":{"line":173,"column":8},"end":{"line":173,"column":65}},"21":{"start":{"line":174,"column":8},"end":{"line":174,"column":5066}},"22":{"start":{"line":178,"column":8},"end":{"line":178,"column":71}},"23":{"start":{"line":179,"column":8},"end":{"line":179,"column":5279}},"24":{"start":{"line":185,"column":8},"end":{"line":185,"column":5422}},"25":{"start":{"line":196,"column":8},"end":{"line":196,"column":5749}},"26":{"start":{"line":202,"column":8},"end":{"line":202,"column":46}},"27":{"start":{"line":211,"column":8},"end":{"line":211,"column":66}},"28":{"start":{"line":212,"column":8},"end":{"line":212,"column":39}},"29":{"start":{"line":213,"column":8},"end":{"line":213,"column":53}},"30":{"start":{"line":215,"column":8},"end":{"line":215,"column":6423}},"31":{"start":{"line":216,"column":12},"end":{"line":216,"column":70}},"32":{"start":{"line":217,"column":12},"end":{"line":217,"column":43}},"33":{"start":{"line":218,"column":12},"end":{"line":218,"column":6601}},"34":{"start":{"line":226,"column":12},"end":{"line":226,"column":64}},"35":{"start":{"line":228,"column":12},"end":{"line":228,"column":54}},"36":{"start":{"line":232,"column":12},"end":{"line":232,"column":7266}},"37":{"start":{"line":237,"column":12},"end":{"line":237,"column":7574}},"38":{"start":{"line":239,"column":12},"end":{"line":239,"column":7667}},"39":{"start":{"line":240,"column":16},"end":{"line":240,"column":7751}},"40":{"start":{"line":242,"column":16},"end":{"line":242,"column":7859}},"41":{"start":{"line":245,"column":16},"end":{"line":245,"column":61}},"42":{"start":{"line":248,"column":12},"end":{"line":248,"column":54}},"43":{"start":{"line":250,"column":8},"end":{"line":250,"column":8141}},"44":{"start":{"line":264,"column":8},"end":{"line":264,"column":66}},"45":{"start":{"line":265,"column":8},"end":{"line":265,"column":65}},"46":{"start":{"line":266,"column":8},"end":{"line":266,"column":54}},"47":{"start":{"line":267,"column":8},"end":{"line":267,"column":53}},"48":{"start":{"line":268,"column":8},"end":{"line":268,"column":60}},"49":{"start":{"line":269,"column":8},"end":{"line":269,"column":8758}},"50":{"start":{"line":277,"column":8},"end":{"line":277,"column":8960}},"51":{"start":{"line":282,"column":8},"end":{"line":282,"column":9099}},"52":{"start":{"line":300,"column":8},"end":{"line":300,"column":38}},"53":{"start":{"line":304,"column":8},"end":{"line":304,"column":49}},"54":{"start":{"line":311,"column":8},"end":{"line":311,"column":9779}},"55":{"start":{"line":315,"column":8},"end":{"line":315,"column":74}},"56":{"start":{"line":325,"column":8},"end":{"line":325,"column":10246}},"57":{"start":{"line":329,"column":8},"end":{"line":329,"column":10403}},"58":{"start":{"line":340,"column":8},"end":{"line":340,"column":74}}},"branchMap":{"1":{"line":119,"type":"if","locations":[{"start":{"line":119,"column":8},"end":{"line":119,"column":8}},{"start":{"line":119,"column":8},"end":{"line":119,"column":8}}]},"2":{"line":136,"type":"if","locations":[{"start":{"line":136,"column":8},"end":{"line":136,"column":8}},{"start":{"line":136,"column":8},"end":{"line":136,"column":8}}]},"3":{"line":154,"type":"if","locations":[{"start":{"line":154,"column":8},"end":{"line":154,"column":8}},{"start":{"line":154,"column":8},"end":{"line":154,"column":8}}]},"4":{"line":165,"type":"if","locations":[{"start":{"line":165,"column":8},"end":{"line":165,"column":8}},{"start":{"line":165,"column":8},"end":{"line":165,"column":8}}]},"5":{"line":168,"type":"if","locations":[{"start":{"line":168,"column":8},"end":{"line":168,"column":8}},{"start":{"line":168,"column":8},"end":{"line":168,"column":8}}]},"6":{"line":169,"type":"if","locations":[{"start":{"line":169,"column":8},"end":{"line":169,"column":8}},{"start":{"line":169,"column":8},"end":{"line":169,"column":8}}]},"7":{"line":173,"type":"if","locations":[{"start":{"line":173,"column":8},"end":{"line":173,"column":8}},{"start":{"line":173,"column":8},"end":{"line":173,"column":8}}]},"8":{"line":174,"type":"if","locations":[{"start":{"line":174,"column":8},"end":{"line":174,"column":8}},{"start":{"line":174,"column":8},"end":{"line":174,"column":8}}]},"9":{"line":178,"type":"if","locations":[{"start":{"line":178,"column":8},"end":{"line":178,"column":8}},{"start":{"line":178,"column":8},"end":{"line":178,"column":8}}]},"10":{"line":211,"type":"if","locations":[{"start":{"line":211,"column":8},"end":{"line":211,"column":8}},{"start":{"line":211,"column":8},"end":{"line":211,"column":8}}]},"11":{"line":215,"type":"if","locations":[{"start":{"line":215,"column":8},"end":{"line":215,"column":8}},{"start":{"line":215,"column":8},"end":{"line":215,"column":8}}]},"12":{"line":239,"type":"if","locations":[{"start":{"line":239,"column":12},"end":{"line":239,"column":12}},{"start":{"line":239,"column":12},"end":{"line":239,"column":12}}]},"13":{"line":264,"type":"if","locations":[{"start":{"line":264,"column":8},"end":{"line":264,"column":8}},{"start":{"line":264,"column":8},"end":{"line":264,"column":8}}]},"14":{"line":266,"type":"if","locations":[{"start":{"line":266,"column":8},"end":{"line":266,"column":8}},{"start":{"line":266,"column":8},"end":{"line":266,"column":8}}]},"15":{"line":311,"type":"if","locations":[{"start":{"line":311,"column":8},"end":{"line":311,"column":8}},{"start":{"line":311,"column":8},"end":{"line":311,"column":8}}]},"16":{"line":325,"type":"if","locations":[{"start":{"line":325,"column":8},"end":{"line":325,"column":8}},{"start":{"line":325,"column":8},"end":{"line":325,"column":8}}]},"17":{"line":329,"type":"if","locations":[{"start":{"line":329,"column":8},"end":{"line":329,"column":8}},{"start":{"line":329,"column":8},"end":{"line":329,"column":8}}]}}},"contracts/VerifySignaturePool01.sol":{"l":{"39":10,"62":8,"85":8,"86":8,"88":8,"96":8,"98":8,"110":8,"112":8},"path":"/Users/alexho/Documents/GitHub/lending-borrowing-smart-contracts/contracts/VerifySignaturePool01.sol","s":{"1":10,"2":8,"3":8,"4":8,"5":8,"6":8,"7":8,"8":8},"b":{"1":[8,0]},"f":{"1":10,"2":8,"3":8,"4":8,"5":8},"fnMap":{"1":{"name":"getMessageHash","line":33,"loc":{"start":{"line":33,"column":4},"end":{"line":40,"column":4}}},"2":{"name":"getEthSignedMessageHash","line":53,"loc":{"start":{"line":53,"column":4},"end":{"line":66,"column":4}}},"3":{"name":"verify","line":77,"loc":{"start":{"line":77,"column":4},"end":{"line":89,"column":4}}},"4":{"name":"recoverSigner","line":91,"loc":{"start":{"line":91,"column":4},"end":{"line":99,"column":4}}},"5":{"name":"splitSignature","line":101,"loc":{"start":{"line":101,"column":4},"end":{"line":131,"column":4}}}},"statementMap":{"1":{"start":{"line":39,"column":8},"end":{"line":39,"column":81}},"2":{"start":{"line":62,"column":8},"end":{"line":62,"column":1808}},"3":{"start":{"line":85,"column":8},"end":{"line":85,"column":82}},"4":{"start":{"line":86,"column":8},"end":{"line":86,"column":75}},"5":{"start":{"line":88,"column":8},"end":{"line":88,"column":72}},"6":{"start":{"line":96,"column":8},"end":{"line":96,"column":68}},"7":{"start":{"line":98,"column":8},"end":{"line":98,"column":56}},"8":{"start":{"line":110,"column":8},"end":{"line":110,"column":60}}},"branchMap":{"1":{"line":110,"type":"if","locations":[{"start":{"line":110,"column":8},"end":{"line":110,"column":8}},{"start":{"line":110,"column":8},"end":{"line":110,"column":8}}]}}},"contracts/WETH.sol":{"l":{"36":0,"39":0,"40":0,"43":0,"44":0,"45":0,"46":0,"50":0,"54":0,"55":0,"56":0,"60":0,"67":0,"69":0,"70":0,"71":0,"74":0,"75":0,"77":0,"79":0},"path":"/Users/alexho/Documents/GitHub/lending-borrowing-smart-contracts/contracts/WETH.sol","s":{"1":0,"2":0,"3":0,"4":0,"5":0,"6":0,"7":0,"8":0,"9":0,"10":0,"11":0,"12":0,"13":0,"14":0,"15":0,"16":0,"17":0,"18":0,"19":0},"b":{"1":[0,0],"2":[0,0],"3":[0,0],"4":[0,0]},"f":{"1":0,"2":0,"3":0,"4":0,"5":0,"6":0},"fnMap":{"1":{"name":"deposit","line":38,"loc":{"start":{"line":38,"column":4},"end":{"line":41,"column":4}}},"2":{"name":"withdraw","line":42,"loc":{"start":{"line":42,"column":4},"end":{"line":47,"column":4}}},"3":{"name":"totalSupply","line":49,"loc":{"start":{"line":49,"column":4},"end":{"line":51,"column":4}}},"4":{"name":"approve","line":53,"loc":{"start":{"line":53,"column":4},"end":{"line":57,"column":4}}},"5":{"name":"transfer","line":59,"loc":{"start":{"line":59,"column":4},"end":{"line":61,"column":4}}},"6":{"name":"transferFrom","line":63,"loc":{"start":{"line":63,"column":4},"end":{"line":80,"column":4}}}},"statementMap":{"1":{"start":{"line":39,"column":8},"end":{"line":39,"column":41}},"2":{"start":{"line":40,"column":8},"end":{"line":40,"column":43}},"3":{"start":{"line":43,"column":8},"end":{"line":43,"column":44}},"4":{"start":{"line":44,"column":8},"end":{"line":44,"column":35}},"5":{"start":{"line":45,"column":8},"end":{"line":45,"column":40}},"6":{"start":{"line":46,"column":8},"end":{"line":46,"column":40}},"7":{"start":{"line":50,"column":8},"end":{"line":50,"column":36}},"8":{"start":{"line":54,"column":8},"end":{"line":54,"column":39}},"9":{"start":{"line":55,"column":8},"end":{"line":55,"column":43}},"10":{"start":{"line":56,"column":8},"end":{"line":56,"column":19}},"11":{"start":{"line":60,"column":8},"end":{"line":60,"column":49}},"12":{"start":{"line":67,"column":8},"end":{"line":67,"column":37}},"13":{"start":{"line":69,"column":8},"end":{"line":69,"column":2291}},"14":{"start":{"line":70,"column":12},"end":{"line":70,"column":53}},"15":{"start":{"line":71,"column":12},"end":{"line":71,"column":44}},"16":{"start":{"line":74,"column":8},"end":{"line":74,"column":28}},"17":{"start":{"line":75,"column":8},"end":{"line":75,"column":28}},"18":{"start":{"line":77,"column":8},"end":{"line":77,"column":36}},"19":{"start":{"line":79,"column":8},"end":{"line":79,"column":19}}},"branchMap":{"1":{"line":43,"type":"if","locations":[{"start":{"line":43,"column":8},"end":{"line":43,"column":8}},{"start":{"line":43,"column":8},"end":{"line":43,"column":8}}]},"2":{"line":67,"type":"if","locations":[{"start":{"line":67,"column":8},"end":{"line":67,"column":8}},{"start":{"line":67,"column":8},"end":{"line":67,"column":8}}]},"3":{"line":69,"type":"if","locations":[{"start":{"line":69,"column":8},"end":{"line":69,"column":8}},{"start":{"line":69,"column":8},"end":{"line":69,"column":8}}]},"4":{"line":70,"type":"if","locations":[{"start":{"line":70,"column":12},"end":{"line":70,"column":12}},{"start":{"line":70,"column":12},"end":{"line":70,"column":12}}]}}}}